
 1/25/2024 9:46:03 AM Service Starting service
 1/25/2024 9:46:03 AM Bus Became bus client

 1/25/2024 9:46:03 AM Middleware::Response Success
 1/25/2024 9:46:03 AM Bus::Client Connection established
 1/25/2024 9:46:03 AM Service Initializing modules

------------------------------------------------------------------------------
----------------------------------AutoLogOut----------------------------------
------------------------------------------------------------------------------
 1/25/2024 9:46:03 AM Client-Info Client Version: 0.13.0
 1/25/2024 9:46:03 AM Client-Info Client OS:      Windows
 1/25/2024 9:46:03 AM Client-Info Server Version: 1.5.10
 1/25/2024 9:46:03 AM Middleware::Response Success
------------------------------------------------------------------------------


------------------------------------------------------------------------------
-----------------------------DefaultPrinterManager----------------------------
------------------------------------------------------------------------------
 1/25/2024 9:46:03 AM Client-Info Client Version: 0.13.0
 1/25/2024 9:46:03 AM Client-Info Client OS:      Windows
 1/25/2024 9:46:03 AM Client-Info Server Version: 1.5.10
 1/25/2024 9:46:03 AM Middleware::Response Success
------------------------------------------------------------------------------


------------------------------------------------------------------------------
--------------------------------DisplayManager--------------------------------
------------------------------------------------------------------------------
 1/25/2024 9:46:03 AM Client-Info Client Version: 0.13.0
 1/25/2024 9:46:03 AM Client-Info Client OS:      Windows
 1/25/2024 9:46:03 AM Client-Info Server Version: 1.5.10
 1/25/2024 9:46:03 AM Middleware::Response Success
 1/25/2024 9:46:03 AM DisplayManager ERROR: Invalid settings provided
------------------------------------------------------------------------------

 1/25/2024 9:46:03 AM Service Sleeping for 131 seconds
 1/25/2024 9:48:14 AM Middleware::Response Success

------------------------------------------------------------------------------
----------------------------------AutoLogOut----------------------------------
------------------------------------------------------------------------------
 1/25/2024 9:48:14 AM Client-Info Client Version: 0.13.0
 1/25/2024 9:48:14 AM Client-Info Client OS:      Windows
 1/25/2024 9:48:14 AM Client-Info Server Version: 1.5.10
 1/25/2024 9:48:14 AM Middleware::Response Success
------------------------------------------------------------------------------


------------------------------------------------------------------------------
-----------------------------DefaultPrinterManager----------------------------
------------------------------------------------------------------------------
 1/25/2024 9:48:14 AM Client-Info Client Version: 0.13.0
 1/25/2024 9:48:14 AM Client-Info Client OS:      Windows
 1/25/2024 9:48:14 AM Client-Info Server Version: 1.5.10
 1/25/2024 9:48:14 AM Middleware::Response Success
------------------------------------------------------------------------------


------------------------------------------------------------------------------
--------------------------------DisplayManager--------------------------------
------------------------------------------------------------------------------
 1/25/2024 9:48:14 AM Client-Info Client Version: 0.13.0
 1/25/2024 9:48:14 AM Client-Info Client OS:      Windows
 1/25/2024 9:48:14 AM Client-Info Server Version: 1.5.10
 1/25/2024 9:48:14 AM Middleware::Response Success
 1/25/2024 9:48:14 AM DisplayManager ERROR: Invalid settings provided
------------------------------------------------------------------------------

 1/25/2024 9:48:14 AM Service Sleeping for 131 seconds
